#
# There is insufficient memory for the Java Runtime Environment to continue.
# Native memory allocation (malloc) failed to allocate 1191696 bytes. Error detail: Chunk::new
# Possible reasons:
#   The system is out of physical RAM or swap space
#   This process is running with CompressedOops enabled, and the Java Heap may be blocking the growth of the native heap
# Possible solutions:
#   Reduce memory load on the system
#   Increase physical memory or swap space
#   Check if swap backing store is full
#   Decrease Java heap size (-Xmx/-Xms)
#   Decrease number of Java threads
#   Decrease Java thread stack sizes (-Xss)
#   Set larger code cache with -XX:ReservedCodeCacheSize=
#   JVM is running with Unscaled Compressed Oops mode in which the Java heap is
#     placed in the first 4GB address space. The Java Heap base address is the
#     maximum limit for the native heap growth. Please use -XX:HeapBaseMinAddress
#     to set the Java Heap base and to place the Java Heap above 4GB virtual address.
# This output file may be truncated or incomplete.
#
#  Out of Memory Error (arena.cpp:191), pid=8236, tid=1964
#
# JRE version: OpenJDK Runtime Environment Temurin-17.0.13+11 (17.0.13+11) (build 17.0.13+11)
# Java VM: OpenJDK 64-Bit Server VM Temurin-17.0.13+11 (17.0.13+11, mixed mode, tiered, compressed oops, compressed class ptrs, parallel gc, windows-amd64)
# No core dump will be written. Minidumps are not enabled by default on client versions of Windows
#

---------------  S U M M A R Y ------------

Command Line: --add-modules=ALL-SYSTEM --add-opens=java.base/java.util=ALL-UNNAMED --add-opens=java.base/java.lang=ALL-UNNAMED --add-opens=java.base/sun.nio.fs=ALL-UNNAMED -Declipse.application=org.eclipse.jdt.ls.core.id1 -Dosgi.bundles.defaultStartLevel=4 -Declipse.product=org.eclipse.jdt.ls.core.product -Djava.import.generatesMetadataFilesAtProjectRoot=false -DDetectVMInstallationsJob.disabled=true -Dfile.encoding=utf8 -XX:+UseParallelGC -XX:GCTimeRatio=4 -XX:AdaptiveSizePolicyWeight=90 -Dsun.zip.disableMemoryMapping=true -Xmx1G -Xms100m -Xlog:disable -javaagent:c:\Users\hp\.vscode\extensions\redhat.java-1.36.0-win32-x64\lombok\lombok-1.18.35.jar -XX:+HeapDumpOnOutOfMemoryError -XX:HeapDumpPath=c:\Users\hp\AppData\Roaming\Code\User\workspaceStorage\a29ab576149b02913913b53b31e9d28d\redhat.java -Daether.dependencyCollector.impl=bf c:\Users\hp\.vscode\extensions\redhat.java-1.36.0-win32-x64\server\plugins\org.eclipse.equinox.launcher_1.6.900.v20240613-2009.jar -configuration c:\Users\hp\AppData\Roaming\Code\User\globalStorage\redhat.java\1.36.0\config_win -data c:\Users\hp\AppData\Roaming\Code\User\workspaceStorage\a29ab576149b02913913b53b31e9d28d\redhat.java\jdt_ws --pipe=\\.\pipe\lsp-d6068342df65865086f547e8dbe611ae-sock

Host: 11th Gen Intel(R) Core(TM) i3-1125G4 @ 2.00GHz, 8 cores, 7G,  Windows 11 , 64 bit Build 22621 (10.0.22621.3958)
Time: Sun Nov 17 23:37:02 2024 Greenwich elapsed time: 604.724399 seconds (0d 0h 10m 4s)

---------------  T H R E A D  ---------------

Current thread (0x000002f0225ba570):  JavaThread "C2 CompilerThread0" daemon [_thread_in_native, id=1964, stack(0x000000fc57d00000,0x000000fc57e00000)]


Current CompileTask:
C2: 604724 18661       4       java.lang.ClassLoader::defineClass (43 bytes)

Stack: [0x000000fc57d00000,0x000000fc57e00000]
Native frames: (J=compiled Java code, j=interpreted, Vv=VM code, C=native code)
V  [jvm.dll+0x682a19]
V  [jvm.dll+0x839538]
V  [jvm.dll+0x83afe3]
V  [jvm.dll+0x83b653]
V  [jvm.dll+0x24704f]
V  [jvm.dll+0xace34]
V  [jvm.dll+0xad4cc]
V  [jvm.dll+0x36592f]
V  [jvm.dll+0x32fbd8]
V  [jvm.dll+0x32f05a]
V  [jvm.dll+0x21804f]
V  [jvm.dll+0x21748f]
V  [jvm.dll+0x1a3070]
V  [jvm.dll+0x22788c]
V  [jvm.dll+0x2259eb]
V  [jvm.dll+0x7eec98]
V  [jvm.dll+0x7e8ffc]
V  [jvm.dll+0x6818f7]
C  [ucrtbase.dll+0x29333]
C  [KERNEL32.DLL+0x1257d]
C  [ntdll.dll+0x5af08]


---------------  P R O C E S S  ---------------

Threads class SMR info:
_java_thread_list=0x000002f02f456300, length=49, elements={
0x000002f0093ff2e0, 0x000002f02258a010, 0x000002f02258b9f0, 0x000002f0225b4270,
0x000002f0225b4e30, 0x000002f0225b6a00, 0x000002f0225b75c0, 0x000002f0225ba570,
0x000002f022613720, 0x000002f022625d40, 0x000002f0094607c0, 0x000002f0228afbe0,
0x000002f0239cdf70, 0x000002f0239cfdd0, 0x000002f0239d02e0, 0x000002f0239cda60,
0x000002f0239d07f0, 0x000002f0239cd040, 0x000002f0239cf3b0, 0x000002f0239ce480,
0x000002f0249cd930, 0x000002f0249cca00, 0x000002f0249d1b00, 0x000002f0249cde40,
0x000002f0249cb0b0, 0x000002f0249d10e0, 0x000002f0249d06c0, 0x000002f0249cf790,
0x000002f0249d0bd0, 0x000002f0249cd420, 0x000002f0249ce350, 0x000002f0249d15f0,
0x000002f0249cbfe0, 0x000002f0249cf280, 0x000002f0249cbad0, 0x000002f0239ce990,
0x000002f02648e960, 0x000002f02648d010, 0x000002f02eb007f0, 0x000002f02eb03070,
0x000002f02eb01720, 0x000002f02eb00d00, 0x000002f02eaff8c0, 0x000002f02eb002e0,
0x000002f026492620, 0x000002f02648c0e0, 0x000002f02648d520, 0x000002f026492b30,
0x000002f0264902b0
}

Java Threads: ( => current thread )
  0x000002f0093ff2e0 JavaThread "main" [_thread_blocked, id=26120, stack(0x000000fc57400000,0x000000fc57500000)]
  0x000002f02258a010 JavaThread "Reference Handler" daemon [_thread_blocked, id=25576, stack(0x000000fc57700000,0x000000fc57800000)]
  0x000002f02258b9f0 JavaThread "Finalizer" daemon [_thread_blocked, id=26312, stack(0x000000fc57800000,0x000000fc57900000)]
  0x000002f0225b4270 JavaThread "Signal Dispatcher" daemon [_thread_blocked, id=9196, stack(0x000000fc57900000,0x000000fc57a00000)]
  0x000002f0225b4e30 JavaThread "Attach Listener" daemon [_thread_blocked, id=9576, stack(0x000000fc57a00000,0x000000fc57b00000)]
  0x000002f0225b6a00 JavaThread "Service Thread" daemon [_thread_blocked, id=12952, stack(0x000000fc57b00000,0x000000fc57c00000)]
  0x000002f0225b75c0 JavaThread "Monitor Deflation Thread" daemon [_thread_blocked, id=7684, stack(0x000000fc57c00000,0x000000fc57d00000)]
=>0x000002f0225ba570 JavaThread "C2 CompilerThread0" daemon [_thread_in_native, id=1964, stack(0x000000fc57d00000,0x000000fc57e00000)]
  0x000002f022613720 JavaThread "C1 CompilerThread0" daemon [_thread_blocked, id=12276, stack(0x000000fc57e00000,0x000000fc57f00000)]
  0x000002f022625d40 JavaThread "Sweeper thread" daemon [_thread_blocked, id=26036, stack(0x000000fc57f00000,0x000000fc58000000)]
  0x000002f0094607c0 JavaThread "Common-Cleaner" daemon [_thread_blocked, id=24660, stack(0x000000fc58000000,0x000000fc58100000)]
  0x000002f0228afbe0 JavaThread "Notification Thread" daemon [_thread_blocked, id=20164, stack(0x000000fc58100000,0x000000fc58200000)]
  0x000002f0239cdf70 JavaThread "Active Thread: Equinox Container: bd0f78af-0976-441d-ad06-f30b81852108" [_thread_blocked, id=6452, stack(0x000000fc58900000,0x000000fc58a00000)]
  0x000002f0239cfdd0 JavaThread "Refresh Thread: Equinox Container: bd0f78af-0976-441d-ad06-f30b81852108" daemon [_thread_blocked, id=9220, stack(0x000000fc58a00000,0x000000fc58b00000)]
  0x000002f0239d02e0 JavaThread "Framework Event Dispatcher: Equinox Container: bd0f78af-0976-441d-ad06-f30b81852108" daemon [_thread_blocked, id=12596, stack(0x000000fc58b00000,0x000000fc58c00000)]
  0x000002f0239cda60 JavaThread "Start Level: Equinox Container: bd0f78af-0976-441d-ad06-f30b81852108" daemon [_thread_blocked, id=14656, stack(0x000000fc58c00000,0x000000fc58d00000)]
  0x000002f0239d07f0 JavaThread "Bundle File Closer" daemon [_thread_blocked, id=21020, stack(0x000000fc58e00000,0x000000fc58f00000)]
  0x000002f0239cd040 JavaThread "SCR Component Actor" daemon [_thread_blocked, id=20124, stack(0x000000fc58f00000,0x000000fc59000000)]
  0x000002f0239cf3b0 JavaThread "Worker-JM" [_thread_blocked, id=1952, stack(0x000000fc59100000,0x000000fc59200000)]
  0x000002f0239ce480 JavaThread "JNA Cleaner" daemon [_thread_blocked, id=5200, stack(0x000000fc59200000,0x000000fc59300000)]
  0x000002f0249cd930 JavaThread "Java indexing" daemon [_thread_blocked, id=20760, stack(0x000000fc59500000,0x000000fc59600000)]
  0x000002f0249cca00 JavaThread "Worker-2" [_thread_blocked, id=20144, stack(0x000000fc59600000,0x000000fc59700000)]
  0x000002f0249d1b00 JavaThread "Thread-2" daemon [_thread_in_native, id=26280, stack(0x000000fc59900000,0x000000fc59a00000)]
  0x000002f0249cde40 JavaThread "Thread-3" daemon [_thread_in_native, id=28292, stack(0x000000fc59a00000,0x000000fc59b00000)]
  0x000002f0249cb0b0 JavaThread "Thread-4" daemon [_thread_in_native, id=19052, stack(0x000000fc59b00000,0x000000fc59c00000)]
  0x000002f0249d10e0 JavaThread "Thread-5" daemon [_thread_in_native, id=11488, stack(0x000000fc59c00000,0x000000fc59d00000)]
  0x000002f0249d06c0 JavaThread "Thread-6" daemon [_thread_in_native, id=20516, stack(0x000000fc59d00000,0x000000fc59e00000)]
  0x000002f0249cf790 JavaThread "Thread-7" daemon [_thread_in_native, id=23220, stack(0x000000fc59e00000,0x000000fc59f00000)]
  0x000002f0249d0bd0 JavaThread "Thread-8" daemon [_thread_in_native, id=27840, stack(0x000000fc59f00000,0x000000fc5a000000)]
  0x000002f0249cd420 JavaThread "Thread-9" daemon [_thread_in_native, id=17388, stack(0x000000fc5a000000,0x000000fc5a100000)]
  0x000002f0249ce350 JavaThread "Thread-10" daemon [_thread_in_native, id=8268, stack(0x000000fc5a100000,0x000000fc5a200000)]
  0x000002f0249d15f0 JavaThread "pool-2-thread-1" [_thread_blocked, id=13780, stack(0x000000fc5a200000,0x000000fc5a300000)]
  0x000002f0249cbfe0 JavaThread "WorkspaceEventsHandler" [_thread_blocked, id=20976, stack(0x000000fc5a600000,0x000000fc5a700000)]
  0x000002f0249cf280 JavaThread "pool-1-thread-1" [_thread_in_native, id=13020, stack(0x000000fc5a700000,0x000000fc5a800000)]
  0x000002f0249cbad0 JavaThread "ForkJoinPool.commonPool-worker-1" daemon [_thread_blocked, id=4108, stack(0x000000fc5a800000,0x000000fc5a900000)]
  0x000002f0239ce990 JavaThread "ForkJoinPool.commonPool-worker-3" daemon [_thread_blocked, id=29400, stack(0x000000fc59000000,0x000000fc59100000)]
  0x000002f02648e960 JavaThread "ForkJoinPool.commonPool-worker-6" daemon [_thread_blocked, id=24684, stack(0x000000fc5ac00000,0x000000fc5ad00000)]
  0x000002f02648d010 JavaThread "Cleaner-0" daemon [_thread_blocked, id=12636, stack(0x000000fc5b700000,0x000000fc5b800000)]
  0x000002f02eb007f0 JavaThread "Java Debug Server" daemon [_thread_in_native, id=10784, stack(0x000000fc57200000,0x000000fc57300000)]
  0x000002f02eb03070 JavaThread "pool-5-thread-1" [_thread_in_native, id=23484, stack(0x000000fc57300000,0x000000fc57400000)]
  0x000002f02eb01720 JavaThread "RxSchedulerPurge-1" daemon [_thread_blocked, id=17728, stack(0x000000fc5af00000,0x000000fc5b000000)]
  0x000002f02eb00d00 JavaThread "RxCachedWorkerPoolEvictor-1" daemon [_thread_blocked, id=27788, stack(0x000000fc5bd00000,0x000000fc5be00000)]
  0x000002f02eaff8c0 JavaThread "RxNewThreadScheduler-1" daemon [_thread_blocked, id=13832, stack(0x000000fc5c400000,0x000000fc5c500000)]
  0x000002f02eb002e0 JavaThread "process reaper (pid 19836)" daemon [_thread_in_native, id=15488, stack(0x000000fc56d10000,0x000000fc56d30000)]
  0x000002f026492620 JavaThread "Worker-6" [_thread_blocked, id=27844, stack(0x000000fc59300000,0x000000fc59400000)]
  0x000002f02648c0e0 JavaThread "ForkJoinPool.commonPool-worker-8" daemon [_thread_blocked, id=22268, stack(0x000000fc59400000,0x000000fc59500000)]
  0x000002f02648d520 JavaThread "ForkJoinPool.commonPool-worker-9" daemon [_thread_blocked, id=19180, stack(0x000000fc59700000,0x000000fc59800000)]
  0x000002f026492b30 JavaThread "ForkJoinPool.commonPool-worker-10" daemon [_thread_blocked, id=7220, stack(0x000000fc59800000,0x000000fc59900000)]
  0x000002f0264902b0 JavaThread "ForkJoinPool.commonPool-worker-11" daemon [_thread_blocked, id=17864, stack(0x000000fc5a300000,0x000000fc5a400000)]

Other Threads:
  0x000002f0094adab0 VMThread "VM Thread" [stack: 0x000000fc57600000,0x000000fc57700000] [id=20360]
  0x000002f02294df90 WatcherThread [stack: 0x000000fc58200000,0x000000fc58300000] [id=29340]
  0x000002f009413b40 GCTaskThread "GC Thread#0" [stack: 0x000000fc57500000,0x000000fc57600000] [id=11532]
  0x000002f02383ccc0 GCTaskThread "GC Thread#1" [stack: 0x000000fc58300000,0x000000fc58400000] [id=25952]
  0x000002f0238d3b20 GCTaskThread "GC Thread#2" [stack: 0x000000fc58400000,0x000000fc58500000] [id=20248]
  0x000002f02383cf80 GCTaskThread "GC Thread#3" [stack: 0x000000fc58500000,0x000000fc58600000] [id=26084]
  0x000002f0238e1fd0 GCTaskThread "GC Thread#4" [stack: 0x000000fc58600000,0x000000fc58700000] [id=5248]
  0x000002f0238e2aa0 GCTaskThread "GC Thread#5" [stack: 0x000000fc58700000,0x000000fc58800000] [id=17152]
  0x000002f0238e2d60 GCTaskThread "GC Thread#6" [stack: 0x000000fc58800000,0x000000fc58900000] [id=22432]
  0x000002f023af2430 GCTaskThread "GC Thread#7" [stack: 0x000000fc58d00000,0x000000fc58e00000] [id=18340]

Threads with active compile tasks:
C2 CompilerThread0   604768 18661       4       java.lang.ClassLoader::defineClass (43 bytes)

VM state: at safepoint (normal execution)

VM Mutex/Monitor currently owned by a thread:  ([mutex/lock_event])
[0x000002f0093fc450] Threads_lock - owner thread: 0x000002f0094adab0
[0x000002f0093fae60] Heap_lock - owner thread: 0x000002f0249cd930

Heap address: 0x00000000c0000000, size: 1024 MB, Compressed Oops mode: 32-bit

CDS archive(s) not mapped
Compressed class space mapped at: 0x0000000100000000-0x0000000140000000, reserved size: 1073741824
Narrow klass base: 0x0000000000000000, Narrow klass shift: 3, Narrow klass range: 0x140000000

GC Precious Log:
 CPUs: 8 total, 8 available
 Memory: 7834M
 Large Page Support: Disabled
 NUMA Support: Disabled
 Compressed Oops: Enabled (32-bit)
 Alignments: Space 512K, Generation 512K, Heap 2M
 Heap Min Capacity: 100M
 Heap Initial Capacity: 100M
 Heap Max Capacity: 1G
 Pre-touch: Disabled
 Parallel Workers: 8

Heap:
 PSYoungGen      total 3584K, used 3563K [0x00000000eab00000, 0x00000000eb100000, 0x0000000100000000)
  eden space 3072K, 100% used [0x00000000eab00000,0x00000000eae00000,0x00000000eae00000)
  from space 512K, 95% used [0x00000000eaf80000,0x00000000eaffae10,0x00000000eb000000)
  to   space 1536K, 99% used [0x00000000eae00000,0x00000000eaf7d780,0x00000000eaf80000)
 ParOldGen       total 275968K, used 236106K [0x00000000c0000000, 0x00000000d0d80000, 0x00000000eab00000)
  object space 275968K, 85% used [0x00000000c0000000,0x00000000ce6948a8,0x00000000d0d80000)
 Metaspace       used 88757K, committed 90304K, reserved 1179648K
  class space    used 9249K, committed 9984K, reserved 1048576K

Card table byte_map: [0x000002f008dc0000,0x000002f008fd0000] _byte_map_base: 0x000002f0087c0000

Marking Bits: (ParMarkBitMap*) 0x00007ffb3ee16940
 Begin Bits: [0x000002f01b090000, 0x000002f01c090000)
 End Bits:   [0x000002f01c090000, 0x000002f01d090000)

Polling page: 0x000002f008bb0000

Metaspace:

Usage:
  Non-class:     77.65 MB used.
      Class:      9.03 MB used.
       Both:     86.68 MB used.

Virtual space:
  Non-class space:      128.00 MB reserved,      78.44 MB ( 61%) committed,  2 nodes.
      Class space:        1.00 GB reserved,       9.75 MB ( <1%) committed,  1 nodes.
             Both:        1.12 GB reserved,      88.19 MB (  8%) committed. 

Chunk freelists:
   Non-Class:  1.38 MB
       Class:  6.20 MB
        Both:  7.58 MB

MaxMetaspaceSize: unlimited
CompressedClassSpaceSize: 1.00 GB
Initial GC threshold: 21.00 MB
Current GC threshold: 146.88 MB
CDS: off
MetaspaceReclaimPolicy: balanced
 - commit_granule_bytes: 65536.
 - commit_granule_words: 8192.
 - virtual_space_node_default_size: 8388608.
 - enlarge_chunks_in_place: 1.
 - new_chunks_are_fully_committed: 0.
 - uncommit_free_chunks: 1.
 - use_allocation_guard: 0.
 - handle_deallocations: 1.


Internal statistics:

num_allocs_failed_limit: 9.
num_arena_births: 1202.
num_arena_deaths: 24.
num_vsnodes_births: 3.
num_vsnodes_deaths: 0.
num_space_committed: 1411.
num_space_uncommitted: 0.
num_chunks_returned_to_freelist: 45.
num_chunks_taken_from_freelist: 5309.
num_chunk_merges: 16.
num_chunk_splits: 3125.
num_chunks_enlarged: 1573.
num_inconsistent_stats: 0.

CodeHeap 'non-profiled nmethods': size=120000Kb used=12526Kb max_used=12526Kb free=107473Kb
 bounds [0x000002f013b60000, 0x000002f0147a0000, 0x000002f01b090000]
CodeHeap 'profiled nmethods': size=120000Kb used=27218Kb max_used=27218Kb free=92781Kb
 bounds [0x000002f00c090000, 0x000002f00dba0000, 0x000002f0135c0000]
CodeHeap 'non-nmethods': size=5760Kb used=1442Kb max_used=1509Kb free=4318Kb
 bounds [0x000002f0135c0000, 0x000002f013830000, 0x000002f013b60000]
 total_blobs=14172 nmethods=13381 adapters=702
 compilation: enabled
              stopped_count=0, restarted_count=0
 full_count=0

Compilation events (20 events):
Event: 604.037 Thread 0x000002f022613720 18658       3       org.eclipse.jdt.core.dom.TypeBinding::getModifiers (130 bytes)
Event: 604.038 Thread 0x000002f022613720 nmethod 18658 0x000002f00c15a310 code [0x000002f00c15a580, 0x000002f00c15b358]
Event: 604.069 Thread 0x000002f0225ba570 nmethod 18647 0x000002f014793990 code [0x000002f014793c80, 0x000002f014795890]
Event: 604.069 Thread 0x000002f0225ba570 18648       4       java.util.regex.Pattern$Begin::match (62 bytes)
Event: 604.070 Thread 0x000002f0225ba570 nmethod 18648 0x000002f014796f90 code [0x000002f014797120, 0x000002f014797258]
Event: 604.070 Thread 0x000002f0225ba570 18646       4       jdk.internal.reflect.UnsafeIntegerFieldAccessorImpl::get (9 bytes)
Event: 604.071 Thread 0x000002f0225ba570 nmethod 18646 0x000002f014797390 code [0x000002f014797520, 0x000002f0147976d8]
Event: 604.071 Thread 0x000002f0225ba570 18655   !   4       org.eclipse.jdt.core.dom.ImportDeclaration::getName (78 bytes)
Event: 604.072 Thread 0x000002f0225ba570 nmethod 18655 0x000002f014797890 code [0x000002f014797a00, 0x000002f014797a98]
Event: 604.403 Thread 0x000002f0225ba570 18660   !   4       org.eclipse.core.internal.resources.Resource::filterChildren (234 bytes)
Event: 604.490 Thread 0x000002f0225ba570 nmethod 18660 0x000002f014797b90 code [0x000002f014797e00, 0x000002f014799c98]
Event: 604.624 Thread 0x000002f0225ba570 18661       4       java.lang.ClassLoader::defineClass (43 bytes)
Event: 604.703 Thread 0x000002f022613720 18664       3       sun.nio.ch.WindowsAsynchronousFileChannelImpl::implWrite (203 bytes)
Event: 604.704 Thread 0x000002f022613720 nmethod 18664 0x000002f00c1aa010 code [0x000002f00c1aa2c0, 0x000002f00c1aae88]
Event: 604.704 Thread 0x000002f022613720 18665   !   3       sun.nio.ch.WindowsAsynchronousFileChannelImpl$WriteTask::run (253 bytes)
Event: 604.706 Thread 0x000002f022613720 nmethod 18665 0x000002f00ce39790 code [0x000002f00ce39c40, 0x000002f00ce3c128]
Event: 604.706 Thread 0x000002f022613720 18666       3       sun.nio.ch.WindowsAsynchronousFileChannelImpl$WriteTask::completed (42 bytes)
Event: 604.707 Thread 0x000002f022613720 nmethod 18666 0x000002f00d59e190 code [0x000002f00d59e3c0, 0x000002f00d59eb48]
Event: 604.707 Thread 0x000002f022613720 18667       3       org.eclipse.core.internal.jobs.JobQueue::canOvertake (69 bytes)
Event: 604.708 Thread 0x000002f022613720 nmethod 18667 0x000002f00d592090 code [0x000002f00d592280, 0x000002f00d5928a8]

GC Heap History (20 events):
Event: 602.675 GC heap before
{Heap before GC invocations=1012 (full 20):
 PSYoungGen      total 3584K, used 3552K [0x00000000eab00000, 0x00000000eb000000, 0x0000000100000000)
  eden space 3072K, 100% used [0x00000000eab00000,0x00000000eae00000,0x00000000eae00000)
  from space 512K, 93% used [0x00000000eaf80000,0x00000000eaff8000,0x00000000eb000000)
  to   space 1024K, 0% used [0x00000000eae00000,0x00000000eae00000,0x00000000eaf00000)
 ParOldGen       total 279552K, used 275864K [0x00000000c0000000, 0x00000000d1100000, 0x00000000eab00000)
  object space 279552K, 98% used [0x00000000c0000000,0x00000000d0d661a0,0x00000000d1100000)
 Metaspace       used 88650K, committed 90176K, reserved 1179648K
  class space    used 9233K, committed 9984K, reserved 1048576K
}
Event: 602.676 GC heap after
{Heap after GC invocations=1012 (full 20):
 PSYoungGen      total 4096K, used 512K [0x00000000eab00000, 0x00000000eb000000, 0x0000000100000000)
  eden space 3072K, 0% used [0x00000000eab00000,0x00000000eab00000,0x00000000eae00000)
  from space 1024K, 50% used [0x00000000eae00000,0x00000000eae80000,0x00000000eaf00000)
  to   space 1024K, 0% used [0x00000000eaf00000,0x00000000eaf00000,0x00000000eb000000)
 ParOldGen       total 279552K, used 276242K [0x00000000c0000000, 0x00000000d1100000, 0x00000000eab00000)
  object space 279552K, 98% used [0x00000000c0000000,0x00000000d0dc4ad8,0x00000000d1100000)
 Metaspace       used 88650K, committed 90176K, reserved 1179648K
  class space    used 9233K, committed 9984K, reserved 1048576K
}
Event: 602.685 GC heap before
{Heap before GC invocations=1013 (full 20):
 PSYoungGen      total 4096K, used 3584K [0x00000000eab00000, 0x00000000eb000000, 0x0000000100000000)
  eden space 3072K, 100% used [0x00000000eab00000,0x00000000eae00000,0x00000000eae00000)
  from space 1024K, 50% used [0x00000000eae00000,0x00000000eae80000,0x00000000eaf00000)
  to   space 1024K, 0% used [0x00000000eaf00000,0x00000000eaf00000,0x00000000eb000000)
 ParOldGen       total 279552K, used 276242K [0x00000000c0000000, 0x00000000d1100000, 0x00000000eab00000)
  object space 279552K, 98% used [0x00000000c0000000,0x00000000d0dc4ad8,0x00000000d1100000)
 Metaspace       used 88650K, committed 90176K, reserved 1179648K
  class space    used 9233K, committed 9984K, reserved 1048576K
}
Event: 602.687 GC heap after
{Heap after GC invocations=1013 (full 20):
 PSYoungGen      total 4096K, used 608K [0x00000000eab00000, 0x00000000eb000000, 0x0000000100000000)
  eden space 3072K, 0% used [0x00000000eab00000,0x00000000eab00000,0x00000000eae00000)
  from space 1024K, 59% used [0x00000000eaf00000,0x00000000eaf98000,0x00000000eb000000)
  to   space 1024K, 0% used [0x00000000eae00000,0x00000000eae00000,0x00000000eaf00000)
 ParOldGen       total 279552K, used 276686K [0x00000000c0000000, 0x00000000d1100000, 0x00000000eab00000)
  object space 279552K, 98% used [0x00000000c0000000,0x00000000d0e33b08,0x00000000d1100000)
 Metaspace       used 88650K, committed 90176K, reserved 1179648K
  class space    used 9233K, committed 9984K, reserved 1048576K
}
Event: 602.696 GC heap before
{Heap before GC invocations=1014 (full 20):
 PSYoungGen      total 4096K, used 3680K [0x00000000eab00000, 0x00000000eb000000, 0x0000000100000000)
  eden space 3072K, 100% used [0x00000000eab00000,0x00000000eae00000,0x00000000eae00000)
  from space 1024K, 59% used [0x00000000eaf00000,0x00000000eaf98000,0x00000000eb000000)
  to   space 1024K, 0% used [0x00000000eae00000,0x00000000eae00000,0x00000000eaf00000)
 ParOldGen       total 279552K, used 276686K [0x00000000c0000000, 0x00000000d1100000, 0x00000000eab00000)
  object space 279552K, 98% used [0x00000000c0000000,0x00000000d0e33b08,0x00000000d1100000)
 Metaspace       used 88656K, committed 90240K, reserved 1179648K
  class space    used 9233K, committed 9984K, reserved 1048576K
}
Event: 602.698 GC heap after
{Heap after GC invocations=1014 (full 20):
 PSYoungGen      total 4096K, used 512K [0x00000000eab00000, 0x00000000eb000000, 0x0000000100000000)
  eden space 3072K, 0% used [0x00000000eab00000,0x00000000eab00000,0x00000000eae00000)
  from space 1024K, 50% used [0x00000000eae00000,0x00000000eae80000,0x00000000eaf00000)
  to   space 1024K, 0% used [0x00000000eaf00000,0x00000000eaf00000,0x00000000eb000000)
 ParOldGen       total 279552K, used 277174K [0x00000000c0000000, 0x00000000d1100000, 0x00000000eab00000)
  object space 279552K, 99% used [0x00000000c0000000,0x00000000d0eadb18,0x00000000d1100000)
 Metaspace       used 88656K, committed 90240K, reserved 1179648K
  class space    used 9233K, committed 9984K, reserved 1048576K
}
Event: 603.872 GC heap before
{Heap before GC invocations=1015 (full 20):
 PSYoungGen      total 4096K, used 3583K [0x00000000eab00000, 0x00000000eb000000, 0x0000000100000000)
  eden space 3072K, 99% used [0x00000000eab00000,0x00000000eadffdb8,0x00000000eae00000)
  from space 1024K, 50% used [0x00000000eae00000,0x00000000eae80000,0x00000000eaf00000)
  to   space 1024K, 0% used [0x00000000eaf00000,0x00000000eaf00000,0x00000000eb000000)
 ParOldGen       total 279552K, used 277174K [0x00000000c0000000, 0x00000000d1100000, 0x00000000eab00000)
  object space 279552K, 99% used [0x00000000c0000000,0x00000000d0eadb18,0x00000000d1100000)
 Metaspace       used 88667K, committed 90240K, reserved 1179648K
  class space    used 9234K, committed 9984K, reserved 1048576K
}
Event: 603.877 GC heap after
{Heap after GC invocations=1015 (full 20):
 PSYoungGen      total 3584K, used 384K [0x00000000eab00000, 0x00000000eaf80000, 0x0000000100000000)
  eden space 3072K, 0% used [0x00000000eab00000,0x00000000eab00000,0x00000000eae00000)
  from space 512K, 75% used [0x00000000eaf00000,0x00000000eaf60020,0x00000000eaf80000)
  to   space 512K, 0% used [0x00000000eae80000,0x00000000eae80000,0x00000000eaf00000)
 ParOldGen       total 279552K, used 277616K [0x00000000c0000000, 0x00000000d1100000, 0x00000000eab00000)
  object space 279552K, 99% used [0x00000000c0000000,0x00000000d0f1c2c8,0x00000000d1100000)
 Metaspace       used 88667K, committed 90240K, reserved 1179648K
  class space    used 9234K, committed 9984K, reserved 1048576K
}
Event: 603.884 GC heap before
{Heap before GC invocations=1016 (full 20):
 PSYoungGen      total 3584K, used 3456K [0x00000000eab00000, 0x00000000eaf80000, 0x0000000100000000)
  eden space 3072K, 100% used [0x00000000eab00000,0x00000000eae00000,0x00000000eae00000)
  from space 512K, 75% used [0x00000000eaf00000,0x00000000eaf60020,0x00000000eaf80000)
  to   space 512K, 0% used [0x00000000eae80000,0x00000000eae80000,0x00000000eaf00000)
 ParOldGen       total 279552K, used 277616K [0x00000000c0000000, 0x00000000d1100000, 0x00000000eab00000)
  object space 279552K, 99% used [0x00000000c0000000,0x00000000d0f1c2c8,0x00000000d1100000)
 Metaspace       used 88668K, committed 90240K, reserved 1179648K
  class space    used 9234K, committed 9984K, reserved 1048576K
}
Event: 603.886 GC heap after
{Heap after GC invocations=1016 (full 20):
 PSYoungGen      total 3584K, used 509K [0x00000000eab00000, 0x00000000eb200000, 0x0000000100000000)
  eden space 3072K, 0% used [0x00000000eab00000,0x00000000eab00000,0x00000000eae00000)
  from space 512K, 99% used [0x00000000eae80000,0x00000000eaeff7a8,0x00000000eaf00000)
  to   space 2048K, 0% used [0x00000000eb000000,0x00000000eb000000,0x00000000eb200000)
 ParOldGen       total 279552K, used 278541K [0x00000000c0000000, 0x00000000d1100000, 0x00000000eab00000)
  object space 279552K, 99% used [0x00000000c0000000,0x00000000d10037a8,0x00000000d1100000)
 Metaspace       used 88668K, committed 90240K, reserved 1179648K
  class space    used 9234K, committed 9984K, reserved 1048576K
}
Event: 603.894 GC heap before
{Heap before GC invocations=1017 (full 20):
 PSYoungGen      total 3584K, used 3581K [0x00000000eab00000, 0x00000000eb200000, 0x0000000100000000)
  eden space 3072K, 100% used [0x00000000eab00000,0x00000000eae00000,0x00000000eae00000)
  from space 512K, 99% used [0x00000000eae80000,0x00000000eaeff7a8,0x00000000eaf00000)
  to   space 2048K, 0% used [0x00000000eb000000,0x00000000eb000000,0x00000000eb200000)
 ParOldGen       total 279552K, used 278541K [0x00000000c0000000, 0x00000000d1100000, 0x00000000eab00000)
  object space 279552K, 99% used [0x00000000c0000000,0x00000000d10037a8,0x00000000d1100000)
 Metaspace       used 88668K, committed 90240K, reserved 1179648K
  class space    used 9234K, committed 9984K, reserved 1048576K
}
Event: 603.895 GC heap after
{Heap after GC invocations=1017 (full 20):
 PSYoungGen      total 3584K, used 352K [0x00000000eab00000, 0x00000000eb080000, 0x0000000100000000)
  eden space 3072K, 0% used [0x00000000eab00000,0x00000000eab00000,0x00000000eae00000)
  from space 512K, 68% used [0x00000000eb000000,0x00000000eb058000,0x00000000eb080000)
  to   space 1024K, 0% used [0x00000000eae80000,0x00000000eae80000,0x00000000eaf80000)
 ParOldGen       total 279552K, used 279058K [0x00000000c0000000, 0x00000000d1100000, 0x00000000eab00000)
  object space 279552K, 99% used [0x00000000c0000000,0x00000000d10848b8,0x00000000d1100000)
 Metaspace       used 88668K, committed 90240K, reserved 1179648K
  class space    used 9234K, committed 9984K, reserved 1048576K
}
Event: 603.908 GC heap before
{Heap before GC invocations=1018 (full 21):
 PSYoungGen      total 3584K, used 3424K [0x00000000eab00000, 0x00000000eb080000, 0x0000000100000000)
  eden space 3072K, 100% used [0x00000000eab00000,0x00000000eae00000,0x00000000eae00000)
  from space 512K, 68% used [0x00000000eb000000,0x00000000eb058000,0x00000000eb080000)
  to   space 1024K, 0% used [0x00000000eae80000,0x00000000eae80000,0x00000000eaf80000)
 ParOldGen       total 279552K, used 279058K [0x00000000c0000000, 0x00000000d1100000, 0x00000000eab00000)
  object space 279552K, 99% used [0x00000000c0000000,0x00000000d10848b8,0x00000000d1100000)
 Metaspace       used 88668K, committed 90240K, reserved 1179648K
  class space    used 9234K, committed 9984K, reserved 1048576K
}
Event: 604.007 GC heap after
{Heap after GC invocations=1018 (full 21):
 PSYoungGen      total 4096K, used 0K [0x00000000eab00000, 0x00000000eb080000, 0x0000000100000000)
  eden space 3072K, 0% used [0x00000000eab00000,0x00000000eab00000,0x00000000eae00000)
  from space 1024K, 0% used [0x00000000eae80000,0x00000000eae80000,0x00000000eaf80000)
  to   space 1024K, 0% used [0x00000000eaf80000,0x00000000eaf80000,0x00000000eb080000)
 ParOldGen       total 275968K, used 234540K [0x00000000c0000000, 0x00000000d0d80000, 0x00000000eab00000)
  object space 275968K, 84% used [0x00000000c0000000,0x00000000ce50b0c8,0x00000000d0d80000)
 Metaspace       used 88668K, committed 90240K, reserved 1179648K
  class space    used 9234K, committed 9984K, reserved 1048576K
}
Event: 604.015 GC heap before
{Heap before GC invocations=1019 (full 21):
 PSYoungGen      total 4096K, used 3071K [0x00000000eab00000, 0x00000000eb080000, 0x0000000100000000)
  eden space 3072K, 99% used [0x00000000eab00000,0x00000000eadffff8,0x00000000eae00000)
  from space 1024K, 0% used [0x00000000eae80000,0x00000000eae80000,0x00000000eaf80000)
  to   space 1024K, 0% used [0x00000000eaf80000,0x00000000eaf80000,0x00000000eb080000)
 ParOldGen       total 275968K, used 234540K [0x00000000c0000000, 0x00000000d0d80000, 0x00000000eab00000)
  object space 275968K, 84% used [0x00000000c0000000,0x00000000ce50b0c8,0x00000000d0d80000)
 Metaspace       used 88671K, committed 90240K, reserved 1179648K
  class space    used 9234K, committed 9984K, reserved 1048576K
}
Event: 604.016 GC heap after
{Heap after GC invocations=1019 (full 21):
 PSYoungGen      total 3584K, used 448K [0x00000000eab00000, 0x00000000eb000000, 0x0000000100000000)
  eden space 3072K, 0% used [0x00000000eab00000,0x00000000eab00000,0x00000000eae00000)
  from space 512K, 87% used [0x00000000eaf80000,0x00000000eaff0000,0x00000000eb000000)
  to   space 512K, 0% used [0x00000000eaf00000,0x00000000eaf00000,0x00000000eaf80000)
 ParOldGen       total 275968K, used 234540K [0x00000000c0000000, 0x00000000d0d80000, 0x00000000eab00000)
  object space 275968K, 84% used [0x00000000c0000000,0x00000000ce50b0c8,0x00000000d0d80000)
 Metaspace       used 88671K, committed 90240K, reserved 1179648K
  class space    used 9234K, committed 9984K, reserved 1048576K
}
Event: 604.033 GC heap before
{Heap before GC invocations=1020 (full 21):
 PSYoungGen      total 3584K, used 3520K [0x00000000eab00000, 0x00000000eb000000, 0x0000000100000000)
  eden space 3072K, 100% used [0x00000000eab00000,0x00000000eae00000,0x00000000eae00000)
  from space 512K, 87% used [0x00000000eaf80000,0x00000000eaff0000,0x00000000eb000000)
  to   space 512K, 0% used [0x00000000eaf00000,0x00000000eaf00000,0x00000000eaf80000)
 ParOldGen       total 275968K, used 234540K [0x00000000c0000000, 0x00000000d0d80000, 0x00000000eab00000)
  object space 275968K, 84% used [0x00000000c0000000,0x00000000ce50b0c8,0x00000000d0d80000)
 Metaspace       used 88673K, committed 90240K, reserved 1179648K
  class space    used 9234K, committed 9984K, reserved 1048576K
}
Event: 604.036 GC heap after
{Heap after GC invocations=1020 (full 21):
 PSYoungGen      total 3584K, used 512K [0x00000000eab00000, 0x00000000eb000000, 0x0000000100000000)
  eden space 3072K, 0% used [0x00000000eab00000,0x00000000eab00000,0x00000000eae00000)
  from space 512K, 100% used [0x00000000eaf00000,0x00000000eaf80000,0x00000000eaf80000)
  to   space 512K, 0% used [0x00000000eaf80000,0x00000000eaf80000,0x00000000eb000000)
 ParOldGen       total 275968K, used 234860K [0x00000000c0000000, 0x00000000d0d80000, 0x00000000eab00000)
  object space 275968K, 85% used [0x00000000c0000000,0x00000000ce55b0d8,0x00000000d0d80000)
 Metaspace       used 88673K, committed 90240K, reserved 1179648K
  class space    used 9234K, committed 9984K, reserved 1048576K
}
Event: 604.714 GC heap before
{Heap before GC invocations=1021 (full 21):
 PSYoungGen      total 3584K, used 3534K [0x00000000eab00000, 0x00000000eb000000, 0x0000000100000000)
  eden space 3072K, 98% used [0x00000000eab00000,0x00000000eadf3968,0x00000000eae00000)
  from space 512K, 100% used [0x00000000eaf00000,0x00000000eaf80000,0x00000000eaf80000)
  to   space 512K, 0% used [0x00000000eaf80000,0x00000000eaf80000,0x00000000eb000000)
 ParOldGen       total 275968K, used 234860K [0x00000000c0000000, 0x00000000d0d80000, 0x00000000eab00000)
  object space 275968K, 85% used [0x00000000c0000000,0x00000000ce55b0d8,0x00000000d0d80000)
 Metaspace       used 88757K, committed 90304K, reserved 1179648K
  class space    used 9249K, committed 9984K, reserved 1048576K
}
Event: 604.715 GC heap after
{Heap after GC invocations=1021 (full 21):
 PSYoungGen      total 3584K, used 491K [0x00000000eab00000, 0x00000000eb100000, 0x0000000100000000)
  eden space 3072K, 0% used [0x00000000eab00000,0x00000000eab00000,0x00000000eae00000)
  from space 512K, 95% used [0x00000000eaf80000,0x00000000eaffae10,0x00000000eb000000)
  to   space 1536K, 0% used [0x00000000eae00000,0x00000000eae00000,0x00000000eaf80000)
 ParOldGen       total 275968K, used 235370K [0x00000000c0000000, 0x00000000d0d80000, 0x00000000eab00000)
  object space 275968K, 85% used [0x00000000c0000000,0x00000000ce5da898,0x00000000d0d80000)
 Metaspace       used 88757K, committed 90304K, reserved 1179648K
  class space    used 9249K, committed 9984K, reserved 1048576K
}

Dll operation events (12 events):
Event: 0.018 Loaded shared library c:\Users\hp\.vscode\extensions\redhat.java-1.36.0-win32-x64\jre\17.0.13-win32-x86_64\bin\java.dll
Event: 0.211 Loaded shared library c:\Users\hp\.vscode\extensions\redhat.java-1.36.0-win32-x64\jre\17.0.13-win32-x86_64\bin\zip.dll
Event: 0.215 Loaded shared library C:\Users\hp\.vscode\extensions\redhat.java-1.36.0-win32-x64\jre\17.0.13-win32-x86_64\bin\instrument.dll
Event: 0.238 Loaded shared library C:\Users\hp\.vscode\extensions\redhat.java-1.36.0-win32-x64\jre\17.0.13-win32-x86_64\bin\net.dll
Event: 0.240 Loaded shared library C:\Users\hp\.vscode\extensions\redhat.java-1.36.0-win32-x64\jre\17.0.13-win32-x86_64\bin\nio.dll
Event: 0.249 Loaded shared library C:\Users\hp\.vscode\extensions\redhat.java-1.36.0-win32-x64\jre\17.0.13-win32-x86_64\bin\zip.dll
Event: 0.270 Loaded shared library C:\Users\hp\.vscode\extensions\redhat.java-1.36.0-win32-x64\jre\17.0.13-win32-x86_64\bin\jimage.dll
Event: 0.355 Loaded shared library c:\Users\hp\.vscode\extensions\redhat.java-1.36.0-win32-x64\jre\17.0.13-win32-x86_64\bin\verify.dll
Event: 6.589 Loaded shared library C:\Users\hp\AppData\Roaming\Code\User\globalStorage\redhat.java\1.36.0\config_win\org.eclipse.equinox.launcher\org.eclipse.equinox.launcher.win32.win32.x86_64_1.2.1100.v20240722-2106\eclipse_11904.dll
Event: 25.947 Loaded shared library C:\Users\hp\AppData\Local\Temp\jna-3336\jna7298802283218044557.dll
Event: 35.554 Loaded shared library C:\Users\hp\.vscode\extensions\redhat.java-1.36.0-win32-x64\jre\17.0.13-win32-x86_64\bin\sunmscapi.dll
Event: 109.915 Loaded shared library C:\Users\hp\.vscode\extensions\redhat.java-1.36.0-win32-x64\jre\17.0.13-win32-x86_64\bin\extnet.dll

Deoptimization events (20 events):
Event: 604.023 Thread 0x000002f02648c0e0 Uncommon trap: trap_request=0xffffffd6 fr.pc=0x000002f014791ab0 relative=0x0000000000000210
Event: 604.023 Thread 0x000002f02648c0e0 Uncommon trap: reason=array_check action=maybe_recompile pc=0x000002f014791ab0 method=java.util.HashMap.keysToArray([Ljava/lang/Object;)[Ljava/lang/Object; @ 62 c2
Event: 604.023 Thread 0x000002f02648c0e0 DEOPT PACKING pc=0x000002f014791ab0 sp=0x000000fc594fb830
Event: 604.023 Thread 0x000002f02648c0e0 DEOPT UNPACKING pc=0x000002f013619ea3 sp=0x000000fc594fb798 mode 2
Event: 604.026 Thread 0x000002f02648c0e0 Uncommon trap: trap_request=0xffffffd6 fr.pc=0x000002f014791ab0 relative=0x0000000000000210
Event: 604.026 Thread 0x000002f02648c0e0 Uncommon trap: reason=array_check action=maybe_recompile pc=0x000002f014791ab0 method=java.util.HashMap.keysToArray([Ljava/lang/Object;)[Ljava/lang/Object; @ 62 c2
Event: 604.026 Thread 0x000002f02648c0e0 DEOPT PACKING pc=0x000002f014791ab0 sp=0x000000fc594fde70
Event: 604.026 Thread 0x000002f02648c0e0 DEOPT UNPACKING pc=0x000002f013619ea3 sp=0x000000fc594fddd8 mode 2
Event: 604.688 Thread 0x000002f0249cf280 Uncommon trap: trap_request=0xffffffde fr.pc=0x000002f0145bdaec relative=0x000000000000048c
Event: 604.688 Thread 0x000002f0249cf280 Uncommon trap: reason=class_check action=maybe_recompile pc=0x000002f0145bdaec method=org.eclipse.jdt.internal.core.PackageFragmentRoot.calculateHashCode()I @ 11 c2
Event: 604.688 Thread 0x000002f0249cf280 DEOPT PACKING pc=0x000002f0145bdaec sp=0x000000fc5a7fdcd0
Event: 604.688 Thread 0x000002f0249cf280 DEOPT UNPACKING pc=0x000002f013619ea3 sp=0x000000fc5a7fdc80 mode 2
Event: 604.701 Thread 0x000002f0249cf280 Uncommon trap: trap_request=0xffffffd6 fr.pc=0x000002f014791ab0 relative=0x0000000000000210
Event: 604.701 Thread 0x000002f0249cf280 Uncommon trap: reason=array_check action=maybe_recompile pc=0x000002f014791ab0 method=java.util.HashMap.keysToArray([Ljava/lang/Object;)[Ljava/lang/Object; @ 62 c2
Event: 604.701 Thread 0x000002f0249cf280 DEOPT PACKING pc=0x000002f014791ab0 sp=0x000000fc5a7fd640
Event: 604.701 Thread 0x000002f0249cf280 DEOPT UNPACKING pc=0x000002f013619ea3 sp=0x000000fc5a7fd5a8 mode 2
Event: 604.703 Thread 0x000002f0249cd930 Uncommon trap: trap_request=0xfffffff4 fr.pc=0x000002f01416f390 relative=0x0000000000001210
Event: 604.703 Thread 0x000002f0249cd930 Uncommon trap: reason=null_check action=make_not_entrant pc=0x000002f01416f390 method=org.eclipse.jdt.internal.core.index.DiskIndex.computeDocumentNames([Ljava/lang/String;[ILorg/eclipse/jdt/internal/compiler/util/SimpleLookupTable;Lorg/eclipse/jdt/intern
Event: 604.705 Thread 0x000002f0249cd930 DEOPT PACKING pc=0x000002f01416f390 sp=0x000000fc595fed40
Event: 604.705 Thread 0x000002f0249cd930 DEOPT UNPACKING pc=0x000002f013619ea3 sp=0x000000fc595fecb0 mode 2

Classes loaded (20 events):
Event: 332.038 Loading class java/util/function/LongFunction
Event: 332.041 Loading class java/util/function/LongFunction done
Event: 332.044 Loading class java/util/stream/Nodes$ConcNode
Event: 332.048 Loading class java/util/stream/Nodes$AbstractConcNode
Event: 332.050 Loading class java/util/stream/Nodes$AbstractConcNode done
Event: 332.051 Loading class java/util/stream/Nodes$ConcNode done
Event: 332.106 Loading class java/io/ObjectOutputStream$BlockDataOutputStream
Event: 332.109 Loading class java/io/ObjectOutputStream$BlockDataOutputStream done
Event: 332.109 Loading class java/io/ObjectOutputStream$HandleTable
Event: 332.111 Loading class java/io/ObjectOutputStream$HandleTable done
Event: 332.111 Loading class java/io/ObjectOutputStream$ReplaceTable
Event: 332.112 Loading class java/io/ObjectOutputStream$ReplaceTable done
Event: 462.462 Loading class java/util/stream/ReduceOps$2
Event: 462.462 Loading class java/util/stream/ReduceOps$2 done
Event: 462.463 Loading class java/util/stream/ReduceOps$2ReducingSink
Event: 462.463 Loading class java/util/stream/ReduceOps$2ReducingSink done
Event: 542.634 Loading class java/io/CharArrayReader
Event: 542.634 Loading class java/io/CharArrayReader done
Event: 542.634 Loading class java/util/regex/Pattern$Bound
Event: 542.635 Loading class java/util/regex/Pattern$Bound done

Classes unloaded (12 events):
Event: 28.056 Thread 0x000002f0094adab0 Unloading class 0x0000000100258000 'java/lang/invoke/LambdaForm$MH+0x0000000100258000'
Event: 28.056 Thread 0x000002f0094adab0 Unloading class 0x0000000100253c00 'java/lang/invoke/LambdaForm$MH+0x0000000100253c00'
Event: 28.056 Thread 0x000002f0094adab0 Unloading class 0x0000000100253800 'java/lang/invoke/LambdaForm$MH+0x0000000100253800'
Event: 28.056 Thread 0x000002f0094adab0 Unloading class 0x0000000100253400 'java/lang/invoke/LambdaForm$MH+0x0000000100253400'
Event: 28.056 Thread 0x000002f0094adab0 Unloading class 0x0000000100253000 'java/lang/invoke/LambdaForm$BMH+0x0000000100253000'
Event: 28.056 Thread 0x000002f0094adab0 Unloading class 0x0000000100252c00 'java/lang/invoke/LambdaForm$DMH+0x0000000100252c00'
Event: 28.056 Thread 0x000002f0094adab0 Unloading class 0x0000000100250400 'java/lang/invoke/LambdaForm$DMH+0x0000000100250400'
Event: 36.485 Thread 0x000002f0094adab0 Unloading class 0x000000010069cc00 'java/lang/invoke/LambdaForm$DMH+0x000000010069cc00'
Event: 49.143 Thread 0x000002f0094adab0 Unloading class 0x00000001007b8800 'java/lang/invoke/LambdaForm$DMH+0x00000001007b8800'
Event: 49.143 Thread 0x000002f0094adab0 Unloading class 0x00000001007a8000 'java/lang/invoke/LambdaForm$DMH+0x00000001007a8000'
Event: 49.143 Thread 0x000002f0094adab0 Unloading class 0x0000000100794800 'java/lang/invoke/LambdaForm$DMH+0x0000000100794800'
Event: 49.143 Thread 0x000002f0094adab0 Unloading class 0x000000010078c800 'java/lang/invoke/LambdaForm$MH+0x000000010078c800'

Classes redefined (0 events):
No events

Internal exceptions (20 events):
Event: 463.370 Thread 0x000002f0239ce990 Exception <a 'java/lang/NoSuchMethodError'{0x00000000eafdf5b0}: 'java.lang.Object java.lang.invoke.DelegatingMethodHandle$Holder.reinvoke_L(java.lang.Object, long, java.lang.Object, java.lang.Object, java.lang.Object, java.lang.Object, java.lang.Object, java.lang.Object, java.lang.Object, java.lang.Object, java.lang.Object)'> (0x00000000eafdf5b0) 
thrown [s\src\hotspot\share\interpreter\linkResolver.cpp, line 759]
Event: 463.382 Thread 0x000002f0239ce990 Exception <a 'java/lang/NoSuchMethodError'{0x00000000eab0d4d8}: 'java.lang.Object java.lang.invoke.Invokers$Holder.linkToTargetMethod(java.lang.Object, java.lang.Object, java.lang.Object, java.lang.Object, java.lang.Object, java.lang.Object, java.lang.Object, java.lang.Object, java.lang.Object, java.lang.Object)'> (0x00000000eab0d4d8) 
thrown [s\src\hotspot\share\interpreter\linkResolver.cpp, line 759]
Event: 467.618 Thread 0x000002f02648e960 Exception <a 'sun/nio/fs/WindowsException'{0x00000000eacc9598}> (0x00000000eacc9598) 
thrown [s\src\hotspot\share\prims\jni.cpp, line 516]
Event: 467.619 Thread 0x000002f02648e960 Exception <a 'sun/nio/fs/WindowsException'{0x00000000eacca200}> (0x00000000eacca200) 
thrown [s\src\hotspot\share\prims\jni.cpp, line 516]
Event: 467.620 Thread 0x000002f02648e960 Exception <a 'sun/nio/fs/WindowsException'{0x00000000eaccb658}> (0x00000000eaccb658) 
thrown [s\src\hotspot\share\prims\jni.cpp, line 516]
Event: 467.620 Thread 0x000002f02648e960 Exception <a 'sun/nio/fs/WindowsException'{0x00000000eaccc020}> (0x00000000eaccc020) 
thrown [s\src\hotspot\share\prims\jni.cpp, line 516]
Event: 467.624 Thread 0x000002f02648e960 Exception <a 'sun/nio/fs/WindowsException'{0x00000000eacce1e0}> (0x00000000eacce1e0) 
thrown [s\src\hotspot\share\prims\jni.cpp, line 516]
Event: 467.624 Thread 0x000002f02648e960 Exception <a 'sun/nio/fs/WindowsException'{0x00000000eaccee80}> (0x00000000eaccee80) 
thrown [s\src\hotspot\share\prims\jni.cpp, line 516]
Event: 467.650 Thread 0x000002f02648e960 Exception <a 'sun/nio/fs/WindowsException'{0x00000000eacf2970}> (0x00000000eacf2970) 
thrown [s\src\hotspot\share\prims\jni.cpp, line 516]
Event: 467.650 Thread 0x000002f02648e960 Exception <a 'sun/nio/fs/WindowsException'{0x00000000eacf3598}> (0x00000000eacf3598) 
thrown [s\src\hotspot\share\prims\jni.cpp, line 516]
Event: 468.098 Thread 0x000002f02648c0e0 Implicit null exception at 0x000002f0141a35ab to 0x000002f0141a4fd4
Event: 468.099 Thread 0x000002f02648c0e0 Implicit null exception at 0x000002f0141de213 to 0x000002f0141dfa8c
Event: 468.269 Thread 0x000002f02648c0e0 Implicit null exception at 0x000002f01402a6ca to 0x000002f01402ae98
Event: 468.269 Thread 0x000002f02648c0e0 Implicit null exception at 0x000002f014079bb9 to 0x000002f014079e27
Event: 468.269 Thread 0x000002f02648c0e0 Implicit null exception at 0x000002f0142f1748 to 0x000002f0142f176b
Event: 542.515 Thread 0x000002f026492b30 Exception <a 'java/lang/NoSuchMethodError'{0x00000000eab1c510}: 'java.lang.Object java.lang.invoke.DirectMethodHandle$Holder.invokeSpecial(java.lang.Object, java.lang.Object, int, int, int, int)'> (0x00000000eab1c510) 
thrown [s\src\hotspot\share\interpreter\linkResolver.cpp, line 759]
Event: 542.570 Thread 0x000002f026492b30 Implicit null exception at 0x000002f0146047ec to 0x000002f014608438
Event: 542.682 Thread 0x000002f026492b30 Exception <a 'java/lang/ClassNotFoundException'{0x00000000eab1aa08}: sun/net/www/protocol/jdt/Handler> (0x00000000eab1aa08) 
thrown [s\src\hotspot\share\classfile\systemDictionary.cpp, line 256]
Event: 542.683 Thread 0x000002f026492b30 Exception <a 'java/lang/ClassNotFoundException'{0x00000000eab1ec70}: sun/net/www/protocol/jdt/Handler> (0x00000000eab1ec70) 
thrown [s\src\hotspot\share\classfile\systemDictionary.cpp, line 256]
Event: 604.703 Thread 0x000002f0249cd930 Implicit null exception at 0x000002f01416e3a4 to 0x000002f01416f35c

VM Operations (20 events):
Event: 602.685 Executing VM operation: ParallelGCFailedAllocation
Event: 602.687 Executing VM operation: ParallelGCFailedAllocation done
Event: 602.696 Executing VM operation: ParallelGCFailedAllocation
Event: 602.698 Executing VM operation: ParallelGCFailedAllocation done
Event: 603.872 Executing VM operation: ParallelGCFailedAllocation
Event: 603.877 Executing VM operation: ParallelGCFailedAllocation done
Event: 603.884 Executing VM operation: ParallelGCFailedAllocation
Event: 603.886 Executing VM operation: ParallelGCFailedAllocation done
Event: 603.893 Executing VM operation: ParallelGCFailedAllocation
Event: 603.895 Executing VM operation: ParallelGCFailedAllocation done
Event: 603.908 Executing VM operation: ParallelGCFailedAllocation
Event: 604.007 Executing VM operation: ParallelGCFailedAllocation done
Event: 604.015 Executing VM operation: ParallelGCFailedAllocation
Event: 604.016 Executing VM operation: ParallelGCFailedAllocation done
Event: 604.033 Executing VM operation: ParallelGCFailedAllocation
Event: 604.036 Executing VM operation: ParallelGCFailedAllocation done
Event: 604.681 Executing VM operation: HandshakeAllThreads
Event: 604.682 Executing VM operation: HandshakeAllThreads done
Event: 604.714 Executing VM operation: ParallelGCFailedAllocation
Event: 604.715 Executing VM operation: ParallelGCFailedAllocation done

Memory protections (0 events):
No events

Nmethod flushes (20 events):
Event: 568.474 Thread 0x000002f022625d40 flushing  nmethod 0x000002f00d669c10
Event: 568.474 Thread 0x000002f022625d40 flushing  nmethod 0x000002f00d6a2590
Event: 568.474 Thread 0x000002f022625d40 flushing  nmethod 0x000002f00d6c9990
Event: 568.474 Thread 0x000002f022625d40 flushing  nmethod 0x000002f00d6cb690
Event: 568.474 Thread 0x000002f022625d40 flushing  nmethod 0x000002f00d77d210
Event: 568.475 Thread 0x000002f022625d40 flushing  nmethod 0x000002f00d822e10
Event: 568.475 Thread 0x000002f022625d40 flushing  nmethod 0x000002f00d846f90
Event: 568.475 Thread 0x000002f022625d40 flushing  nmethod 0x000002f00d87fd10
Event: 568.475 Thread 0x000002f022625d40 flushing  nmethod 0x000002f00d8c1c10
Event: 568.475 Thread 0x000002f022625d40 flushing  nmethod 0x000002f00d8e8110
Event: 568.475 Thread 0x000002f022625d40 flushing  nmethod 0x000002f00d8f5110
Event: 568.475 Thread 0x000002f022625d40 flushing  nmethod 0x000002f00d927c10
Event: 568.475 Thread 0x000002f022625d40 flushing  nmethod 0x000002f00d958110
Event: 568.476 Thread 0x000002f022625d40 flushing  nmethod 0x000002f00d986c10
Event: 568.476 Thread 0x000002f022625d40 flushing  nmethod 0x000002f00daf2e90
Event: 568.476 Thread 0x000002f022625d40 flushing  nmethod 0x000002f00daf8090
Event: 568.476 Thread 0x000002f022625d40 flushing  nmethod 0x000002f00db07110
Event: 568.476 Thread 0x000002f022625d40 flushing  nmethod 0x000002f00db15610
Event: 568.476 Thread 0x000002f022625d40 flushing  nmethod 0x000002f00db15d90
Event: 568.476 Thread 0x000002f022625d40 flushing  nmethod 0x000002f00db16290

Events (20 events):
Event: 530.939 Thread 0x000002f022613720 Thread added: 0x000002f02e24d570
Event: 531.345 Thread 0x000002f02e24d570 Thread exited: 0x000002f02e24d570
Event: 534.591 Thread 0x000002f022613720 Thread added: 0x000002f02e24e010
Event: 536.386 Thread 0x000002f02e24e010 Thread exited: 0x000002f02e24e010
Event: 536.407 Thread 0x000002f022613720 Thread added: 0x000002f02e24d570
Event: 536.758 Thread 0x000002f02e24d570 Thread exited: 0x000002f02e24d570
Event: 537.754 Thread 0x000002f022613720 Thread added: 0x000002f02e249060
Event: 538.105 Thread 0x000002f02e249060 Thread exited: 0x000002f02e249060
Event: 538.155 Thread 0x000002f0225ba570 Thread added: 0x000002f02e24fff0
Event: 538.432 Thread 0x000002f02e24fff0 Thread exited: 0x000002f02e24fff0
Event: 538.473 Thread 0x000002f022613720 Thread added: 0x000002f02e24b040
Event: 542.461 Thread 0x000002f02e24b040 Thread exited: 0x000002f02e24b040
Event: 542.514 Thread 0x000002f022613720 Thread added: 0x000002f02e24a5a0
Event: 551.086 Thread 0x000002f02e24a5a0 Thread exited: 0x000002f02e24a5a0
Event: 555.376 Thread 0x000002f0225ba570 Thread added: 0x000002f02e24e010
Event: 555.891 Thread 0x000002f02e24e010 Thread exited: 0x000002f02e24e010
Event: 564.868 Thread 0x000002f022613720 Thread added: 0x000002f02e24f550
Event: 565.754 Thread 0x000002f02e24f550 Thread exited: 0x000002f02e24f550
Event: 566.013 Thread 0x000002f022613720 Thread added: 0x000002f02e24c030
Event: 567.858 Thread 0x000002f02e24c030 Thread exited: 0x000002f02e24c030


Dynamic libraries:
0x00007ff629c70000 - 0x00007ff629c7e000 	c:\Users\hp\.vscode\extensions\redhat.java-1.36.0-win32-x64\jre\17.0.13-win32-x86_64\bin\java.exe
0x00007ffbc6950000 - 0x00007ffbc6b67000 	C:\WINDOWS\SYSTEM32\ntdll.dll
0x00007ffbc4ce0000 - 0x00007ffbc4da4000 	C:\WINDOWS\System32\KERNEL32.DLL
0x00007ffbc3f40000 - 0x00007ffbc42f7000 	C:\WINDOWS\System32\KERNELBASE.dll
0x00007ffbc3c60000 - 0x00007ffbc3d71000 	C:\WINDOWS\System32\ucrtbase.dll
0x00007ffba3000000 - 0x00007ffba3017000 	c:\Users\hp\.vscode\extensions\redhat.java-1.36.0-win32-x64\jre\17.0.13-win32-x86_64\bin\jli.dll
0x00007ffba3020000 - 0x00007ffba303e000 	c:\Users\hp\.vscode\extensions\redhat.java-1.36.0-win32-x64\jre\17.0.13-win32-x86_64\bin\VCRUNTIME140.dll
0x00007ffbc5e40000 - 0x00007ffbc5fef000 	C:\WINDOWS\System32\USER32.dll
0x00007ffbc4300000 - 0x00007ffbc4326000 	C:\WINDOWS\System32\win32u.dll
0x00007ffb9b3c0000 - 0x00007ffb9b653000 	C:\WINDOWS\WinSxS\amd64_microsoft.windows.common-controls_6595b64144ccf1df_6.0.22621.3672_none_2713b9d173822955\COMCTL32.dll
0x00007ffbc5e10000 - 0x00007ffbc5e39000 	C:\WINDOWS\System32\GDI32.dll
0x00007ffbc6860000 - 0x00007ffbc6907000 	C:\WINDOWS\System32\msvcrt.dll
0x00007ffbc3d80000 - 0x00007ffbc3e98000 	C:\WINDOWS\System32\gdi32full.dll
0x00007ffbc3ea0000 - 0x00007ffbc3f3a000 	C:\WINDOWS\System32\msvcp_win.dll
0x00007ffbc5090000 - 0x00007ffbc50c1000 	C:\WINDOWS\System32\IMM32.DLL
0x00007ffbc0870000 - 0x00007ffbc087c000 	c:\Users\hp\.vscode\extensions\redhat.java-1.36.0-win32-x64\jre\17.0.13-win32-x86_64\bin\vcruntime140_1.dll
0x00007ffb695c0000 - 0x00007ffb6964d000 	c:\Users\hp\.vscode\extensions\redhat.java-1.36.0-win32-x64\jre\17.0.13-win32-x86_64\bin\msvcp140.dll
0x00007ffb3e270000 - 0x00007ffb3eedb000 	c:\Users\hp\.vscode\extensions\redhat.java-1.36.0-win32-x64\jre\17.0.13-win32-x86_64\bin\server\jvm.dll
0x00007ffbc52c0000 - 0x00007ffbc5372000 	C:\WINDOWS\System32\ADVAPI32.dll
0x00007ffbc4c30000 - 0x00007ffbc4cd8000 	C:\WINDOWS\System32\sechost.dll
0x00007ffbc4650000 - 0x00007ffbc4678000 	C:\WINDOWS\System32\bcrypt.dll
0x00007ffbc4710000 - 0x00007ffbc4824000 	C:\WINDOWS\System32\RPCRT4.dll
0x00007ffbc5790000 - 0x00007ffbc5801000 	C:\WINDOWS\System32\WS2_32.dll
0x00007ffbc3b30000 - 0x00007ffbc3b7d000 	C:\WINDOWS\SYSTEM32\POWRPROF.dll
0x00007ffbbb4c0000 - 0x00007ffbbb4f4000 	C:\WINDOWS\SYSTEM32\WINMM.dll
0x00007ffbbbde0000 - 0x00007ffbbbdea000 	C:\WINDOWS\SYSTEM32\VERSION.dll
0x00007ffbc3960000 - 0x00007ffbc3973000 	C:\WINDOWS\SYSTEM32\UMPDC.dll
0x00007ffbc2c70000 - 0x00007ffbc2c88000 	C:\WINDOWS\SYSTEM32\kernel.appcore.dll
0x00007ffbae4f0000 - 0x00007ffbae4fa000 	c:\Users\hp\.vscode\extensions\redhat.java-1.36.0-win32-x64\jre\17.0.13-win32-x86_64\bin\jimage.dll
0x00007ffbc0ee0000 - 0x00007ffbc1112000 	C:\WINDOWS\SYSTEM32\DBGHELP.DLL
0x00007ffbc5400000 - 0x00007ffbc578e000 	C:\WINDOWS\System32\combase.dll
0x00007ffbc4830000 - 0x00007ffbc4907000 	C:\WINDOWS\System32\OLEAUT32.dll
0x00007ffbb80d0000 - 0x00007ffbb8102000 	C:\WINDOWS\SYSTEM32\dbgcore.DLL
0x00007ffbc4460000 - 0x00007ffbc44db000 	C:\WINDOWS\System32\bcryptPrimitives.dll
0x00007ffbad330000 - 0x00007ffbad33e000 	c:\Users\hp\.vscode\extensions\redhat.java-1.36.0-win32-x64\jre\17.0.13-win32-x86_64\bin\instrument.dll
0x00007ffba1e60000 - 0x00007ffba1e85000 	c:\Users\hp\.vscode\extensions\redhat.java-1.36.0-win32-x64\jre\17.0.13-win32-x86_64\bin\java.dll
0x00007ffba2ef0000 - 0x00007ffba2f08000 	c:\Users\hp\.vscode\extensions\redhat.java-1.36.0-win32-x64\jre\17.0.13-win32-x86_64\bin\zip.dll
0x00007ffbc5ff0000 - 0x00007ffbc6859000 	C:\WINDOWS\System32\SHELL32.dll
0x00007ffbc1b80000 - 0x00007ffbc247f000 	C:\WINDOWS\SYSTEM32\windows.storage.dll
0x00007ffbc1a40000 - 0x00007ffbc1b7f000 	C:\WINDOWS\SYSTEM32\wintypes.dll
0x00007ffbc5c90000 - 0x00007ffbc5d89000 	C:\WINDOWS\System32\SHCORE.dll
0x00007ffbc50e0000 - 0x00007ffbc513e000 	C:\WINDOWS\System32\shlwapi.dll
0x00007ffbc3b90000 - 0x00007ffbc3bb7000 	C:\WINDOWS\SYSTEM32\profapi.dll
0x00007ffba2450000 - 0x00007ffba2469000 	C:\Users\hp\.vscode\extensions\redhat.java-1.36.0-win32-x64\jre\17.0.13-win32-x86_64\bin\net.dll
0x00007ffbbf290000 - 0x00007ffbbf3c6000 	C:\WINDOWS\SYSTEM32\WINHTTP.dll
0x00007ffbc30d0000 - 0x00007ffbc3139000 	C:\WINDOWS\system32\mswsock.dll
0x00007ffb9c5f0000 - 0x00007ffb9c606000 	C:\Users\hp\.vscode\extensions\redhat.java-1.36.0-win32-x64\jre\17.0.13-win32-x86_64\bin\nio.dll
0x00007ffbad1f0000 - 0x00007ffbad200000 	c:\Users\hp\.vscode\extensions\redhat.java-1.36.0-win32-x64\jre\17.0.13-win32-x86_64\bin\verify.dll
0x00007ffb682e0000 - 0x00007ffb68325000 	C:\Users\hp\AppData\Roaming\Code\User\globalStorage\redhat.java\1.36.0\config_win\org.eclipse.equinox.launcher\org.eclipse.equinox.launcher.win32.win32.x86_64_1.2.1100.v20240722-2106\eclipse_11904.dll
0x00007ffbc4910000 - 0x00007ffbc4ab5000 	C:\WINDOWS\System32\ole32.dll
0x00007ffbc3420000 - 0x00007ffbc343b000 	C:\WINDOWS\SYSTEM32\CRYPTSP.dll
0x00007ffbc2bd0000 - 0x00007ffbc2c05000 	C:\WINDOWS\system32\rsaenh.dll
0x00007ffbc3170000 - 0x00007ffbc3198000 	C:\WINDOWS\SYSTEM32\USERENV.dll
0x00007ffbc3400000 - 0x00007ffbc340c000 	C:\WINDOWS\SYSTEM32\CRYPTBASE.dll
0x00007ffbc26e0000 - 0x00007ffbc270d000 	C:\WINDOWS\SYSTEM32\IPHLPAPI.DLL
0x00007ffbc5140000 - 0x00007ffbc5149000 	C:\WINDOWS\System32\NSI.dll
0x00007ffbbbdf0000 - 0x00007ffbbbe09000 	C:\WINDOWS\SYSTEM32\dhcpcsvc6.DLL
0x00007ffbbbd70000 - 0x00007ffbbbd8f000 	C:\WINDOWS\SYSTEM32\dhcpcsvc.DLL
0x00007ffbc2710000 - 0x00007ffbc2812000 	C:\WINDOWS\SYSTEM32\DNSAPI.dll
0x00007ffb66690000 - 0x00007ffb666d9000 	C:\Users\hp\AppData\Local\Temp\jna-3336\jna7298802283218044557.dll
0x00007ffbc50d0000 - 0x00007ffbc50d8000 	C:\WINDOWS\System32\PSAPI.DLL
0x00007ffbb4100000 - 0x00007ffbb410e000 	C:\Users\hp\.vscode\extensions\redhat.java-1.36.0-win32-x64\jre\17.0.13-win32-x86_64\bin\sunmscapi.dll
0x00007ffbc44e0000 - 0x00007ffbc4646000 	C:\WINDOWS\System32\CRYPT32.dll
0x00007ffbc3530000 - 0x00007ffbc355d000 	C:\WINDOWS\SYSTEM32\ncrypt.dll
0x00007ffbc34f0000 - 0x00007ffbc3527000 	C:\WINDOWS\SYSTEM32\NTASN1.dll
0x00007ffbc2d80000 - 0x00007ffbc2db4000 	C:\WINDOWS\SYSTEM32\ntmarta.dll
0x00007ffbc0550000 - 0x00007ffbc0559000 	C:\Users\hp\.vscode\extensions\redhat.java-1.36.0-win32-x64\jre\17.0.13-win32-x86_64\bin\extnet.dll

dbghelp: loaded successfully - version: 4.0.5 - missing functions: none
symbol engine: initialized successfully - sym options: 0x614 - pdb path: .;c:\Users\hp\.vscode\extensions\redhat.java-1.36.0-win32-x64\jre\17.0.13-win32-x86_64\bin;C:\WINDOWS\SYSTEM32;C:\WINDOWS\WinSxS\amd64_microsoft.windows.common-controls_6595b64144ccf1df_6.0.22621.3672_none_2713b9d173822955;c:\Users\hp\.vscode\extensions\redhat.java-1.36.0-win32-x64\jre\17.0.13-win32-x86_64\bin\server;C:\Users\hp\AppData\Roaming\Code\User\globalStorage\redhat.java\1.36.0\config_win\org.eclipse.equinox.launcher\org.eclipse.equinox.launcher.win32.win32.x86_64_1.2.1100.v20240722-2106;C:\Users\hp\AppData\Local\Temp\jna-3336

VM Arguments:
jvm_args: --add-modules=ALL-SYSTEM --add-opens=java.base/java.util=ALL-UNNAMED --add-opens=java.base/java.lang=ALL-UNNAMED --add-opens=java.base/sun.nio.fs=ALL-UNNAMED -Declipse.application=org.eclipse.jdt.ls.core.id1 -Dosgi.bundles.defaultStartLevel=4 -Declipse.product=org.eclipse.jdt.ls.core.product -Djava.import.generatesMetadataFilesAtProjectRoot=false -DDetectVMInstallationsJob.disabled=true -Dfile.encoding=utf8 -XX:+UseParallelGC -XX:GCTimeRatio=4 -XX:AdaptiveSizePolicyWeight=90 -Dsun.zip.disableMemoryMapping=true -Xmx1G -Xms100m -Xlog:disable -javaagent:c:\Users\hp\.vscode\extensions\redhat.java-1.36.0-win32-x64\lombok\lombok-1.18.35.jar -XX:+HeapDumpOnOutOfMemoryError -XX:HeapDumpPath=c:\Users\hp\AppData\Roaming\Code\User\workspaceStorage\a29ab576149b02913913b53b31e9d28d\redhat.java -Daether.dependencyCollector.impl=bf 
java_command: c:\Users\hp\.vscode\extensions\redhat.java-1.36.0-win32-x64\server\plugins\org.eclipse.equinox.launcher_1.6.900.v20240613-2009.jar -configuration c:\Users\hp\AppData\Roaming\Code\User\globalStorage\redhat.java\1.36.0\config_win -data c:\Users\hp\AppData\Roaming\Code\User\workspaceStorage\a29ab576149b02913913b53b31e9d28d\redhat.java\jdt_ws --pipe=\\.\pipe\lsp-d6068342df65865086f547e8dbe611ae-sock
java_class_path (initial): c:\Users\hp\.vscode\extensions\redhat.java-1.36.0-win32-x64\server\plugins\org.eclipse.equinox.launcher_1.6.900.v20240613-2009.jar
Launcher Type: SUN_STANDARD

[Global flags]
    uintx AdaptiveSizePolicyWeight                 = 90                                        {product} {command line}
     intx CICompilerCount                          = 4                                         {product} {ergonomic}
    uintx GCTimeRatio                              = 4                                         {product} {command line}
     bool HeapDumpOnOutOfMemoryError               = true                                   {manageable} {command line}
    ccstr HeapDumpPath                             = c:\Users\hp\AppData\Roaming\Code\User\workspaceStorage\a29ab576149b02913913b53b31e9d28d\redhat.java         {manageable} {command line}
   size_t InitialHeapSize                          = 104857600                                 {product} {command line}
   size_t MaxHeapSize                              = 1073741824                                {product} {command line}
   size_t MaxNewSize                               = 357564416                                 {product} {ergonomic}
   size_t MinHeapDeltaBytes                        = 524288                                    {product} {ergonomic}
   size_t MinHeapSize                              = 104857600                                 {product} {command line}
   size_t NewSize                                  = 34603008                                  {product} {ergonomic}
    uintx NonNMethodCodeHeapSize                   = 5839372                                {pd product} {ergonomic}
    uintx NonProfiledCodeHeapSize                  = 122909434                              {pd product} {ergonomic}
   size_t OldSize                                  = 70254592                                  {product} {ergonomic}
    uintx ProfiledCodeHeapSize                     = 122909434                              {pd product} {ergonomic}
    uintx ReservedCodeCacheSize                    = 251658240                              {pd product} {ergonomic}
     bool SegmentedCodeCache                       = true                                      {product} {ergonomic}
   size_t SoftMaxHeapSize                          = 1073741824                             {manageable} {ergonomic}
     bool UseCompressedClassPointers               = true                           {product lp64_product} {ergonomic}
     bool UseCompressedOops                        = true                           {product lp64_product} {ergonomic}
     bool UseLargePagesIndividualAllocation        = false                                  {pd product} {ergonomic}
     bool UseParallelGC                            = true                                      {product} {command line}

Logging:
Log output configuration:
 #0: stdout all=off uptime,level,tags
 #1: stderr all=off uptime,level,tags

Environment Variables:
PATH=C:\Program Files\Eclipse Adoptium\jdk-17.0.10.7-hotspot\bin;C:\WINDOWS\system32;C:\WINDOWS;C:\WINDOWS\System32\Wbem;C:\WINDOWS\System32\WindowsPowerShell\v1.0\;C:\WINDOWS\System32\OpenSSH\;C:\wamp64(3)\bin\php\;C:\Program Files\Git\cmd;C:\Program Files\nodejs\;C:\Program Files\Eclipse Adoptium\jdk-17.0.10.7-hotspot\bin;C:\wamp64(3)\bin\php\php8.2.24;C:\ProgramData\ComposerSetup\bin;C:\Users\hp\Downloads\apache-maven-3.9.8\bin;C:\Program Files (x86)\Microsoft SQL Server\160\DTS\Binn\;C:\Program Files (x86)\Microsoft SQL Server\160\Tools\Binn\;C:\Program Files\Microsoft SQL Server\160\Tools\Binn\;C:\Program Files\Microsoft SQL Server\Client SDK\ODBC\170\Tools\Binn\;C:\Program Files\Microsoft SQL Server\160\DTS\Binn\;C:\Users\hp\Downloads\SearchBar.fontawesomefx-glyphsbrowser-1.3.0\fontawesomefx-glyphsbrowser-1.3.0\bin;C:\Program Files\Microsoft SQL Server\150\Tools\Binn\;C:\Program Files\dotnet\;C:\Users\hp\scoop\shims;C:\Users\hp\AppData\Local\Microsoft\WindowsApps;C:\Users\hp\AppData\Local\Programs\Microsoft VS Code\bin;C:\Users\hp\AppData\Local\GitHubDesktop\bin;C:\Users\hp\AppData\Roaming\npm;C:\wamp64(3)\bin\php\php8.2.24;C:\Users\hp\AppData\Roaming\Composer\vendor\bin;C:\Users\hp\Downloads\apache-maven-3.9.8\bin;C:\Users\hp\Downloads\SearchBar.fontawesomefx-glyphsbrowser-1.3.0\fontawesomefx-glyphsbrowser-1.3.0\bin;C:\Users\hp\.dotnet\tools
USERNAME=hp
OS=Windows_NT
PROCESSOR_IDENTIFIER=Intel64 Family 6 Model 140 Stepping 1, GenuineIntel
TMP=C:\Users\hp\AppData\Local\Temp
TEMP=C:\Users\hp\AppData\Local\Temp



Periodic native trim disabled


---------------  S Y S T E M  ---------------

OS:
 Windows 11 , 64 bit Build 22621 (10.0.22621.3958)
OS uptime: 9 days 9:16 hours
Hyper-V role detected

CPU: total 8 (initial active 8) (4 cores per cpu, 2 threads per core) family 6 model 140 stepping 1 microcode 0xb4, cx8, cmov, fxsr, ht, mmx, 3dnowpref, sse, sse2, sse3, ssse3, sse4.1, sse4.2, popcnt, lzcnt, tsc, tscinvbit, avx, avx2, aes, erms, clmul, bmi1, bmi2, adx, avx512f, avx512dq, avx512cd, avx512bw, avx512vl, sha, fma, vzeroupper, avx512_vpopcntdq, avx512_vpclmulqdq, avx512_vaes, avx512_vnni, clflush, clflushopt, clwb, avx512_vbmi2, avx512_vbmi, hv
Processor Information for all 8 processors :
  Max Mhz: 2001, Current Mhz: 2000, Mhz Limit: 1980

Memory: 4k page, system-wide physical 7834M (175M free)
TotalPageFile size 31386M (AvailPageFile size 1M)
current process WorkingSet (physical memory assigned to process): 416M, peak: 672M
current process commit charge ("private bytes"): 575M, peak: 695M

vm_info: OpenJDK 64-Bit Server VM (17.0.13+11) for windows-amd64 JRE (17.0.13+11), built on Oct 16 2024 00:10:08 by "admin" with MS VC++ 17.7 (VS2022)

END.
